#! /usr/bin/vvp
:ivl_version "10.3 (stable)";
:ivl_delay_selection "TYPICAL";
:vpi_time_precision + 0;
:vpi_module "system";
:vpi_module "vhdl_sys";
:vpi_module "v2005_math";
:vpi_module "va_math";
S_0x556c98d4b180 .scope module, "simple_test" "simple_test" 2 1;
 .timescale 0 0;
v0x556c98d80950_0 .var "C", 0 0;
v0x556c98d80a10_0 .var "D", 0 0;
v0x556c98d80ae0_0 .net "Q", 0 0, L_0x556c98d81330;  1 drivers
v0x556c98d80be0_0 .net "Qnot", 0 0, L_0x556c98d81100;  1 drivers
S_0x556c98d6cbd0 .scope module, "DUT" "dlatch" 2 6, 3 1 0, S_0x556c98d4b180;
 .timescale 0 0;
    .port_info 0 /INPUT 1 "D"
    .port_info 1 /INPUT 1 "C"
    .port_info 2 /OUTPUT 1 "Q"
    .port_info 3 /OUTPUT 1 "Qnot"
L_0x556c98d80cb0/d .functor NOT 1, v0x556c98d80950_0, C4<0>, C4<0>, C4<0>;
L_0x556c98d80cb0 .delay 1 (1,1,1) L_0x556c98d80cb0/d;
L_0x556c98d80e40/d .functor AND 1, v0x556c98d80a10_0, v0x556c98d80950_0, C4<1>, C4<1>;
L_0x556c98d80e40 .delay 1 (2,2,2) L_0x556c98d80e40/d;
L_0x556c98d80fa0/d .functor AND 1, v0x556c98d80a10_0, L_0x556c98d80cb0, C4<1>, C4<1>;
L_0x556c98d80fa0 .delay 1 (2,2,2) L_0x556c98d80fa0/d;
L_0x556c98d81100/d .functor NOR 1, L_0x556c98d80e40, L_0x556c98d81330, C4<0>, C4<0>;
L_0x556c98d81100 .delay 1 (4,4,4) L_0x556c98d81100/d;
L_0x556c98d81330/d .functor NOR 1, L_0x556c98d80fa0, L_0x556c98d81100, C4<0>, C4<0>;
L_0x556c98d81330 .delay 1 (4,4,4) L_0x556c98d81330/d;
v0x556c98d6ce10_0 .net "A1", 0 0, L_0x556c98d80cb0;  1 drivers
v0x556c98d803f0_0 .net "A2", 0 0, L_0x556c98d80e40;  1 drivers
v0x556c98d804b0_0 .net "B1", 0 0, L_0x556c98d80fa0;  1 drivers
v0x556c98d80580_0 .net "C", 0 0, v0x556c98d80950_0;  1 drivers
v0x556c98d80640_0 .net "D", 0 0, v0x556c98d80a10_0;  1 drivers
v0x556c98d80750_0 .net "Q", 0 0, L_0x556c98d81330;  alias, 1 drivers
v0x556c98d80810_0 .net "Qnot", 0 0, L_0x556c98d81100;  alias, 1 drivers
    .scope S_0x556c98d4b180;
T_0 ;
    %pushi/vec4 0, 0, 1;
    %assign/vec4 v0x556c98d80a10_0, 0;
    %pushi/vec4 0, 0, 1;
    %assign/vec4 v0x556c98d80950_0, 0;
    %delay 7, 0;
    %vpi_call 2 15 "$display", "DUT(D = %d, C = %d) => {Q = %d, Qnot = %d}", v0x556c98d80a10_0, v0x556c98d80950_0, v0x556c98d80ae0_0, v0x556c98d80be0_0 {0 0 0};
    %pushi/vec4 1, 0, 1;
    %assign/vec4 v0x556c98d80a10_0, 0;
    %pushi/vec4 0, 0, 1;
    %assign/vec4 v0x556c98d80950_0, 0;
    %delay 7, 0;
    %vpi_call 2 20 "$display", "DUT(D = %d, C = %d) => {Q = %d, Qnot = %d}", v0x556c98d80a10_0, v0x556c98d80950_0, v0x556c98d80ae0_0, v0x556c98d80be0_0 {0 0 0};
    %pushi/vec4 0, 0, 1;
    %assign/vec4 v0x556c98d80a10_0, 0;
    %pushi/vec4 1, 0, 1;
    %assign/vec4 v0x556c98d80950_0, 0;
    %delay 7, 0;
    %vpi_call 2 25 "$display", "DUT(D = %d, C = %d) => {Q = %d, Qnot = %d}", v0x556c98d80a10_0, v0x556c98d80950_0, v0x556c98d80ae0_0, v0x556c98d80be0_0 {0 0 0};
    %pushi/vec4 1, 0, 1;
    %assign/vec4 v0x556c98d80a10_0, 0;
    %pushi/vec4 1, 0, 1;
    %assign/vec4 v0x556c98d80950_0, 0;
    %delay 7, 0;
    %vpi_call 2 30 "$display", "DUT(D = %d, C = %d) => {Q = %d, Qnot = %d}", v0x556c98d80a10_0, v0x556c98d80950_0, v0x556c98d80ae0_0, v0x556c98d80be0_0 {0 0 0};
    %end;
    .thread T_0;
# The file index is used to find the file name in the following table.
:file_names 4;
    "N/A";
    "<interactive>";
    "D_Latch_Inputs.v";
    "D_Latch.v";
